Arguments:
  /usr/local/bin/node /home/linuxbrew/.linuxbrew/bin/yarn install

PATH:
  /home/linuxbrew/.linuxbrew/bin:/home/linuxbrew/.linuxbrew/sbin:/home/linuxbrew/.linuxbrew/bin:/home/linuxbrew/.linuxbrew/sbin:/home/vagrant/Downloads/apache-jmeter-5.1.1/bin/:/usr/local/bin:/usr/local/sbin:/usr/bin:/usr/sbin:/bin:/sbin:/home/vagrant/bin:/home/linuxbrew/.linuxbrew/bin:/home/vagrant/.gradle/wrapper/dists/gradle-4.10-all/54ye4nru8k2rpf7xwj15he4fo/gradle-4.10/bin

Yarn version:
  1.22.0

Node version:
  12.13.1

Platform:
  linux x64

Trace:
  Error: https://registry.yarnpkg.com/@angular/compiler/-/compiler-8.2.14.tgz: ESOCKETTIMEDOUT
      at ClientRequest.<anonymous> (/home/linuxbrew/.linuxbrew/lib/node_modules/yarn/lib/cli.js:141354:19)
      at Object.onceWrapper (events.js:299:28)
      at ClientRequest.emit (events.js:210:5)
      at TLSSocket.emitRequestTimeout (_http_client.js:690:9)
      at Object.onceWrapper (events.js:299:28)
      at TLSSocket.emit (events.js:210:5)
      at TLSSocket.Socket._onTimeout (net.js:469:8)
      at listOnTimeout (internal/timers.js:531:17)
      at processTimers (internal/timers.js:475:7)

npm manifest:
  {
      "name": "web-ui",
      "version": "2.0.1",
      "license": "MIT",
      "angular-cli": {},
      "repository": {
          "type": "git",
          "url": ""
      },
      "browserslist": [
          "> 1%",
          "last 2 versions",
          "IE 11"
      ],
      "scripts": {
          "ng": "ng",
          "start": "ng serve --proxy-config proxy.conf.js",
          "debug_dev": "ng serve --proxy-config proxy.dev.conf.js --poll 100",
          "build": "node --max_old_space_size=5048 ./node_modules/@angular/cli/bin/ng build --prod",
          "build:prod": "npm run build -- --prod --aot",
          "test": "ng test",
          "lint": "ng lint",
          "lint-fix": "ng lint --fix",
          "e2e": "ng e2e",
          "prepush": "npm run lint:ci && npm run build --prod"
      },
      "private": true,
      "dependencies": {
          "@angular/animations": "8.2.14",
          "@angular/cdk": "8.2.3",
          "@angular/common": "8.2.14",
          "@angular/compiler": "8.2.14",
          "@angular/core": "8.2.14",
          "@angular/forms": "8.2.14",
          "@angular/http": "7.2.15",
          "@angular/platform-browser": "8.2.14",
          "@angular/platform-browser-dynamic": "8.2.14",
          "@angular/router": "8.2.14",
          "@types/jwt-decode": "^2.2.1",
          "@types/crypto-js": "^3.1.43",
          "@ngx-translate/core": "^11.0.1",
          "@ngx-translate/http-loader": "^4.0.0",
          "chart.js": "2.9.3",
          "core-js": "3.4.7",
          "font-awesome": "4.7.0",
          "file-saver": "1.3.8",
          "intl": "1.2.5",
          "jwt-decode": "^2.2.0",
          "ngx-logger": "^4.0.7",
          "ngx-color-picker": "8.2.0",
          "ng2-file-upload": "1.3.0",
          "ng-multiselect-dropdown": "0.2.0",
          "primeicons": "2.0.0",
          "primeng": "8.1.1",
          "prismjs": "^1.17.1",
          "exceljs": "1.15.0",
          "quill": "1.3.7",
          "rxjs": "6.5.3",
          "rxjs-compat": "6.4.0",
          "web-animations-js": "2.3.2",
          "zone.js": "0.10.2"
      },
      "devDependencies": {
          "@angular-devkit/build-angular": "^0.803.20",
          "@angular/cli": "^8.3.20",
          "@angular/compiler-cli": "^8.2.14",
          "@angular/language-service": "8.2.14",
          "@types/jasmine": "3.5.0",
          "@types/jasminewd2": "2.0.8",
          "@types/node": "12.12.14",
          "@types/d3-color": "1.0.5",
          "@types/leaflet": "1.2.3",
          "@types/lodash": "4.14.100",
          "angular-tslint-rules": "1.18.0",
          "codelyzer": "5.2.0",
          "jasmine-core": "3.5.0",
          "jasmine-spec-reporter": "4.2.1",
          "karma": "4.4.1",
          "crypto-js": "^3.1.9-1",
          "karma-chrome-launcher": "3.1.0",
          "karma-coverage-istanbul-reporter": "2.1.1",
          "karma-jasmine": "2.0.1",
          "karma-jasmine-html-reporter": "1.4.2",
          "protractor": "5.4.2",
          "ts-node": "8.5.4",
          "tslint": "5.20.1",
          "typescript": "3.4.5"
      }
  }

yarn manifest:
  No manifest

Lockfile:
  No lockfile
